{"/Users/demmyhonore/Code/projects/kana-rabbit/app/components/action.js": {"path":"/Users/demmyhonore/Code/projects/kana-rabbit/app/components/action.js","statementMap":{"0":{"start":{"line":14,"column":19},"end":{"line":14,"column":36}},"1":{"start":{"line":16,"column":2},"end":{"line":30,"column":4}},"2":{"start":{"line":33,"column":15},"end":{"line":57,"column":2}},"3":{"start":{"line":59,"column":0},"end":{"line":63,"column":2}}},"fnMap":{"0":{"name":"Action","decl":{"start":{"line":8,"column":24},"end":{"line":8,"column":30}},"loc":{"start":{"line":13,"column":3},"end":{"line":31,"column":1}},"line":13}},"branchMap":{"0":{"loc":{"start":{"line":21,"column":8},"end":{"line":21,"column":37}},"type":"binary-expr","locations":[{"start":{"line":21,"column":8},"end":{"line":21,"column":16}},{"start":{"line":21,"column":20},"end":{"line":21,"column":37}}],"line":21},"1":{"loc":{"start":{"line":22,"column":8},"end":{"line":22,"column":37}},"type":"binary-expr","locations":[{"start":{"line":22,"column":8},"end":{"line":22,"column":18}},{"start":{"line":22,"column":22},"end":{"line":22,"column":37}}],"line":22},"2":{"loc":{"start":{"line":25,"column":15},"end":{"line":25,"column":47}},"type":"cond-expr","locations":[{"start":{"line":25,"column":28},"end":{"line":25,"column":37}},{"start":{"line":25,"column":40},"end":{"line":25,"column":47}}],"line":25},"3":{"loc":{"start":{"line":28,"column":33},"end":{"line":28,"column":62}},"type":"binary-expr","locations":[{"start":{"line":28,"column":33},"end":{"line":28,"column":41}},{"start":{"line":28,"column":45},"end":{"line":28,"column":62}}],"line":28}},"s":{"0":24,"1":24,"2":4,"3":4},"f":{"0":24},"b":{"0":[24,1],"1":[24,5],"2":[5,19],"3":[24,1]},"_coverageSchema":"1a1c01bbd47fc00a2c39e90264f33305004495a9","hash":"d526873cf326576b7d464e35fcecc61053303a39"}
,"/Users/demmyhonore/Code/projects/kana-rabbit/app/components/comment.js": {"path":"/Users/demmyhonore/Code/projects/kana-rabbit/app/components/comment.js","statementMap":{"0":{"start":{"line":9,"column":19},"end":{"line":9,"column":36}},"1":{"start":{"line":11,"column":2},"end":{"line":24,"column":4}},"2":{"start":{"line":27,"column":15},"end":{"line":47,"column":2}},"3":{"start":{"line":49,"column":0},"end":{"line":52,"column":2}}},"fnMap":{"0":{"name":"Comment","decl":{"start":{"line":8,"column":24},"end":{"line":8,"column":31}},"loc":{"start":{"line":8,"column":71},"end":{"line":25,"column":1}},"line":8}},"branchMap":{"0":{"loc":{"start":{"line":15,"column":8},"end":{"line":15,"column":31}},"type":"binary-expr","locations":[{"start":{"line":15,"column":8},"end":{"line":15,"column":15}},{"start":{"line":15,"column":19},"end":{"line":15,"column":31}}],"line":15},"1":{"loc":{"start":{"line":16,"column":8},"end":{"line":16,"column":33}},"type":"binary-expr","locations":[{"start":{"line":16,"column":8},"end":{"line":16,"column":16}},{"start":{"line":16,"column":20},"end":{"line":16,"column":33}}],"line":16},"2":{"loc":{"start":{"line":17,"column":8},"end":{"line":17,"column":49}},"type":"binary-expr","locations":[{"start":{"line":17,"column":8},"end":{"line":17,"column":16}},{"start":{"line":17,"column":20},"end":{"line":17,"column":27}},{"start":{"line":17,"column":31},"end":{"line":17,"column":49}}],"line":17},"3":{"loc":{"start":{"line":20,"column":21},"end":{"line":20,"column":44}},"type":"cond-expr","locations":[{"start":{"line":20,"column":31},"end":{"line":20,"column":32}},{"start":{"line":20,"column":35},"end":{"line":20,"column":44}}],"line":20}},"s":{"0":51,"1":51,"2":5,"3":5},"f":{"0":51},"b":{"0":[51,25],"1":[51,3],"2":[51,3,1],"3":[25,26]},"_coverageSchema":"1a1c01bbd47fc00a2c39e90264f33305004495a9","hash":"8c25f9dca124363c373cce1ea001e412ccda25f3"}
,"/Users/demmyhonore/Code/projects/kana-rabbit/app/components/current-kana.js": {"path":"/Users/demmyhonore/Code/projects/kana-rabbit/app/components/current-kana.js","statementMap":{"0":{"start":{"line":10,"column":19},"end":{"line":10,"column":36}},"1":{"start":{"line":12,"column":2},"end":{"line":22,"column":4}},"2":{"start":{"line":25,"column":15},"end":{"line":40,"column":2}},"3":{"start":{"line":42,"column":0},"end":{"line":45,"column":2}}},"fnMap":{"0":{"name":"CurrentKana","decl":{"start":{"line":9,"column":24},"end":{"line":9,"column":35}},"loc":{"start":{"line":9,"column":58},"end":{"line":23,"column":1}},"line":9}},"branchMap":{"0":{"loc":{"start":{"line":16,"column":8},"end":{"line":16,"column":37}},"type":"binary-expr","locations":[{"start":{"line":16,"column":8},"end":{"line":16,"column":18}},{"start":{"line":16,"column":22},"end":{"line":16,"column":37}}],"line":16},"1":{"loc":{"start":{"line":17,"column":8},"end":{"line":17,"column":33}},"type":"binary-expr","locations":[{"start":{"line":17,"column":8},"end":{"line":17,"column":16}},{"start":{"line":17,"column":20},"end":{"line":17,"column":33}}],"line":17},"2":{"loc":{"start":{"line":18,"column":8},"end":{"line":18,"column":55}},"type":"binary-expr","locations":[{"start":{"line":18,"column":8},"end":{"line":18,"column":18}},{"start":{"line":18,"column":22},"end":{"line":18,"column":30}},{"start":{"line":18,"column":34},"end":{"line":18,"column":55}}],"line":18}},"s":{"0":27,"1":27,"2":2,"3":2},"f":{"0":27},"b":{"0":[27,2],"1":[27,2],"2":[27,2,1]},"_coverageSchema":"1a1c01bbd47fc00a2c39e90264f33305004495a9","hash":"d897a1fbf30dfc070d02298f8f85cfb3fd503749"}
,"/Users/demmyhonore/Code/projects/kana-rabbit/app/components/icon-button.js": {"path":"/Users/demmyhonore/Code/projects/kana-rabbit/app/components/icon-button.js","statementMap":{"0":{"start":{"line":15,"column":19},"end":{"line":15,"column":36}},"1":{"start":{"line":17,"column":2},"end":{"line":31,"column":4}},"2":{"start":{"line":34,"column":15},"end":{"line":43,"column":2}},"3":{"start":{"line":45,"column":0},"end":{"line":48,"column":2}}},"fnMap":{"0":{"name":"IconButton","decl":{"start":{"line":9,"column":24},"end":{"line":9,"column":34}},"loc":{"start":{"line":14,"column":3},"end":{"line":32,"column":1}},"line":14}},"branchMap":{"0":{"loc":{"start":{"line":19,"column":27},"end":{"line":19,"column":56}},"type":"binary-expr","locations":[{"start":{"line":19,"column":27},"end":{"line":19,"column":35}},{"start":{"line":19,"column":39},"end":{"line":19,"column":56}}],"line":19},"1":{"loc":{"start":{"line":26,"column":14},"end":{"line":26,"column":32}},"type":"cond-expr","locations":[{"start":{"line":26,"column":25},"end":{"line":26,"column":27}},{"start":{"line":26,"column":30},"end":{"line":26,"column":32}}],"line":26}},"s":{"0":32,"1":32,"2":3,"3":3},"f":{"0":32},"b":{"0":[32,3],"1":[3,29]},"_coverageSchema":"1a1c01bbd47fc00a2c39e90264f33305004495a9","hash":"ddcb5c4b344684cdfcf46756682467321a4350ab"}
,"/Users/demmyhonore/Code/projects/kana-rabbit/app/components/kana-input.js": {"path":"/Users/demmyhonore/Code/projects/kana-rabbit/app/components/kana-input.js","statementMap":{"0":{"start":{"line":15,"column":19},"end":{"line":15,"column":36}},"1":{"start":{"line":17,"column":2},"end":{"line":31,"column":4}},"2":{"start":{"line":34,"column":15},"end":{"line":51,"column":2}},"3":{"start":{"line":53,"column":0},"end":{"line":58,"column":2}}},"fnMap":{"0":{"name":"KanaInput","decl":{"start":{"line":8,"column":24},"end":{"line":8,"column":33}},"loc":{"start":{"line":14,"column":3},"end":{"line":32,"column":1}},"line":14}},"branchMap":{"0":{"loc":{"start":{"line":19,"column":27},"end":{"line":19,"column":52}},"type":"binary-expr","locations":[{"start":{"line":19,"column":27},"end":{"line":19,"column":35}},{"start":{"line":19,"column":39},"end":{"line":19,"column":52}}],"line":19}},"s":{"0":27,"1":27,"2":2,"3":2},"f":{"0":27},"b":{"0":[27,1]},"_coverageSchema":"1a1c01bbd47fc00a2c39e90264f33305004495a9","hash":"0b3d9e59d4bda8a44c471f95b29b9db21afcbc70"}
,"/Users/demmyhonore/Code/projects/kana-rabbit/app/components/kana-text.js": {"path":"/Users/demmyhonore/Code/projects/kana-rabbit/app/components/kana-text.js","statementMap":{"0":{"start":{"line":9,"column":19},"end":{"line":9,"column":36}},"1":{"start":{"line":11,"column":2},"end":{"line":18,"column":4}},"2":{"start":{"line":21,"column":15},"end":{"line":30,"column":2}},"3":{"start":{"line":32,"column":0},"end":{"line":34,"column":2}}},"fnMap":{"0":{"name":"KanaText","decl":{"start":{"line":8,"column":24},"end":{"line":8,"column":32}},"loc":{"start":{"line":8,"column":50},"end":{"line":19,"column":1}},"line":8}},"branchMap":{"0":{"loc":{"start":{"line":13,"column":27},"end":{"line":13,"column":52}},"type":"binary-expr","locations":[{"start":{"line":13,"column":27},"end":{"line":13,"column":35}},{"start":{"line":13,"column":39},"end":{"line":13,"column":52}}],"line":13}},"s":{"0":27,"1":27,"2":2,"3":2},"f":{"0":27},"b":{"0":[27,2]},"_coverageSchema":"1a1c01bbd47fc00a2c39e90264f33305004495a9","hash":"2ec847fb762f74fc91c80ae53226d870b429136b"}
,"/Users/demmyhonore/Code/projects/kana-rabbit/app/components/keyboard-screen.js": {"path":"/Users/demmyhonore/Code/projects/kana-rabbit/app/components/keyboard-screen.js","statementMap":{"0":{"start":{"line":10,"column":19},"end":{"line":10,"column":36}},"1":{"start":{"line":12,"column":2},"end":{"line":22,"column":4}},"2":{"start":{"line":25,"column":15},"end":{"line":42,"column":2}}},"fnMap":{"0":{"name":"KeyboardScreen","decl":{"start":{"line":9,"column":24},"end":{"line":9,"column":38}},"loc":{"start":{"line":9,"column":73},"end":{"line":23,"column":1}},"line":9}},"branchMap":{"0":{"loc":{"start":{"line":14,"column":16},"end":{"line":14,"column":60}},"type":"cond-expr","locations":[{"start":{"line":14,"column":40},"end":{"line":14,"column":49}},{"start":{"line":14,"column":52},"end":{"line":14,"column":60}}],"line":14},"1":{"loc":{"start":{"line":18,"column":73},"end":{"line":18,"column":98}},"type":"binary-expr","locations":[{"start":{"line":18,"column":73},"end":{"line":18,"column":81}},{"start":{"line":18,"column":85},"end":{"line":18,"column":98}}],"line":18}},"s":{"0":25,"1":25,"2":2},"f":{"0":25},"b":{"0":[25,0],"1":[25,1]},"_coverageSchema":"1a1c01bbd47fc00a2c39e90264f33305004495a9","hash":"a3f6e8ffdced171e62f4f0016466bb865c1247ed"}
,"/Users/demmyhonore/Code/projects/kana-rabbit/app/components/option-text.js": {"path":"/Users/demmyhonore/Code/projects/kana-rabbit/app/components/option-text.js","statementMap":{"0":{"start":{"line":9,"column":2},"end":{"line":9,"column":65}},"1":{"start":{"line":12,"column":15},"end":{"line":17,"column":2}},"2":{"start":{"line":19,"column":0},"end":{"line":21,"column":2}}},"fnMap":{"0":{"name":"OptionText","decl":{"start":{"line":8,"column":24},"end":{"line":8,"column":34}},"loc":{"start":{"line":8,"column":65},"end":{"line":10,"column":1}},"line":8}},"branchMap":{},"s":{"0":99,"1":4,"2":4},"f":{"0":99},"b":{},"_coverageSchema":"1a1c01bbd47fc00a2c39e90264f33305004495a9","hash":"dcd3efe71e1b0a56b17b0cf6f1a30e8e54d74594"}
,"/Users/demmyhonore/Code/projects/kana-rabbit/app/components/option.js": {"path":"/Users/demmyhonore/Code/projects/kana-rabbit/app/components/option.js","statementMap":{"0":{"start":{"line":9,"column":19},"end":{"line":9,"column":36}},"1":{"start":{"line":11,"column":2},"end":{"line":24,"column":4}},"2":{"start":{"line":27,"column":15},"end":{"line":46,"column":2}},"3":{"start":{"line":48,"column":0},"end":{"line":51,"column":2}}},"fnMap":{"0":{"name":"Option","decl":{"start":{"line":8,"column":24},"end":{"line":8,"column":30}},"loc":{"start":{"line":8,"column":66},"end":{"line":25,"column":1}},"line":8}},"branchMap":{"0":{"loc":{"start":{"line":16,"column":8},"end":{"line":16,"column":33}},"type":"binary-expr","locations":[{"start":{"line":16,"column":8},"end":{"line":16,"column":16}},{"start":{"line":16,"column":20},"end":{"line":16,"column":33}}],"line":16},"1":{"loc":{"start":{"line":17,"column":8},"end":{"line":17,"column":37}},"type":"binary-expr","locations":[{"start":{"line":17,"column":8},"end":{"line":17,"column":18}},{"start":{"line":17,"column":22},"end":{"line":17,"column":37}}],"line":17}},"s":{"0":57,"1":57,"2":3,"3":3},"f":{"0":57},"b":{"0":[57,1],"1":[57,15]},"_coverageSchema":"1a1c01bbd47fc00a2c39e90264f33305004495a9","hash":"045dbeabfafd432710ba203682bad1e82b665dc7"}
,"/Users/demmyhonore/Code/projects/kana-rabbit/app/components/regular-screen.js": {"path":"/Users/demmyhonore/Code/projects/kana-rabbit/app/components/regular-screen.js","statementMap":{"0":{"start":{"line":10,"column":19},"end":{"line":10,"column":36}},"1":{"start":{"line":12,"column":2},"end":{"line":19,"column":4}},"2":{"start":{"line":22,"column":15},"end":{"line":39,"column":2}}},"fnMap":{"0":{"name":"RegularScreen","decl":{"start":{"line":9,"column":24},"end":{"line":9,"column":37}},"loc":{"start":{"line":9,"column":72},"end":{"line":20,"column":1}},"line":9}},"branchMap":{"0":{"loc":{"start":{"line":15,"column":72},"end":{"line":15,"column":97}},"type":"binary-expr","locations":[{"start":{"line":15,"column":72},"end":{"line":15,"column":80}},{"start":{"line":15,"column":84},"end":{"line":15,"column":97}}],"line":15}},"s":{"0":23,"1":23,"2":5},"f":{"0":23},"b":{"0":[23,2]},"_coverageSchema":"1a1c01bbd47fc00a2c39e90264f33305004495a9","hash":"f5a29288e68b3ffeb2e34458440242966a455e59"}
,"/Users/demmyhonore/Code/projects/kana-rabbit/app/components/text.js": {"path":"/Users/demmyhonore/Code/projects/kana-rabbit/app/components/text.js","statementMap":{"0":{"start":{"line":9,"column":19},"end":{"line":9,"column":36}},"1":{"start":{"line":11,"column":2},"end":{"line":22,"column":4}},"2":{"start":{"line":25,"column":15},"end":{"line":37,"column":2}},"3":{"start":{"line":39,"column":0},"end":{"line":42,"column":2}}},"fnMap":{"0":{"name":"Text","decl":{"start":{"line":8,"column":24},"end":{"line":8,"column":28}},"loc":{"start":{"line":8,"column":69},"end":{"line":23,"column":1}},"line":8}},"branchMap":{"0":{"loc":{"start":{"line":15,"column":8},"end":{"line":15,"column":33}},"type":"binary-expr","locations":[{"start":{"line":15,"column":8},"end":{"line":15,"column":16}},{"start":{"line":15,"column":20},"end":{"line":15,"column":33}}],"line":15},"1":{"loc":{"start":{"line":16,"column":8},"end":{"line":16,"column":33}},"type":"binary-expr","locations":[{"start":{"line":16,"column":8},"end":{"line":16,"column":16}},{"start":{"line":16,"column":20},"end":{"line":16,"column":33}}],"line":16}},"s":{"0":105,"1":105,"2":7,"3":7},"f":{"0":105},"b":{"0":[105,3],"1":[105,4]},"_coverageSchema":"1a1c01bbd47fc00a2c39e90264f33305004495a9","hash":"a3db4259640e12472196688794908180c9dc1c0c"}
,"/Users/demmyhonore/Code/projects/kana-rabbit/app/components/guess-kana/answer-screen.js": {"path":"/Users/demmyhonore/Code/projects/kana-rabbit/app/components/guess-kana/answer-screen.js","statementMap":{"0":{"start":{"line":11,"column":2},"end":{"line":19,"column":4}},"1":{"start":{"line":22,"column":15},"end":{"line":30,"column":2}},"2":{"start":{"line":34,"column":0},"end":{"line":38,"column":2}}},"fnMap":{"0":{"name":"GuessKanaAnswerScreen","decl":{"start":{"line":10,"column":9},"end":{"line":10,"column":30}},"loc":{"start":{"line":10,"column":70},"end":{"line":20,"column":1}},"line":10}},"branchMap":{},"s":{"0":2,"1":1,"2":1},"f":{"0":2},"b":{},"_coverageSchema":"1a1c01bbd47fc00a2c39e90264f33305004495a9","hash":"88f4f2f8b8e2f53841a7b8ad3611b57ce96ab3a5"}
,"/Users/demmyhonore/Code/projects/kana-rabbit/app/components/guess-kana/end-screen.js": {"path":"/Users/demmyhonore/Code/projects/kana-rabbit/app/components/guess-kana/end-screen.js","statementMap":{"0":{"start":{"line":13,"column":19},"end":{"line":13,"column":36}},"1":{"start":{"line":15,"column":2},"end":{"line":38,"column":4}},"2":{"start":{"line":41,"column":15},"end":{"line":59,"column":2}},"3":{"start":{"line":63,"column":0},"end":{"line":66,"column":2}}},"fnMap":{"0":{"name":"GuessKanaEndScreen","decl":{"start":{"line":12,"column":9},"end":{"line":12,"column":27}},"loc":{"start":{"line":12,"column":61},"end":{"line":39,"column":1}},"line":12}},"branchMap":{"0":{"loc":{"start":{"line":20,"column":30},"end":{"line":20,"column":60}},"type":"binary-expr","locations":[{"start":{"line":20,"column":30},"end":{"line":20,"column":38}},{"start":{"line":20,"column":42},"end":{"line":20,"column":60}}],"line":20}},"s":{"0":3,"1":3,"2":2,"3":2},"f":{"0":3},"b":{"0":[3,1]},"_coverageSchema":"1a1c01bbd47fc00a2c39e90264f33305004495a9","hash":"c3c7aec6f83611836931048b58c18a8e098d18a1"}
,"/Users/demmyhonore/Code/projects/kana-rabbit/app/components/guess-kana/input-screen.js": {"path":"/Users/demmyhonore/Code/projects/kana-rabbit/app/components/guess-kana/input-screen.js","statementMap":{"0":{"start":{"line":23,"column":19},"end":{"line":23,"column":36}},"1":{"start":{"line":24,"column":25},"end":{"line":24,"column":73}},"2":{"start":{"line":26,"column":4},"end":{"line":26,"column":58}},"3":{"start":{"line":28,"column":2},"end":{"line":55,"column":4}},"4":{"start":{"line":58,"column":15},"end":{"line":77,"column":2}},"5":{"start":{"line":81,"column":0},"end":{"line":88,"column":2}}},"fnMap":{"0":{"name":"GuessKanaInputScreen","decl":{"start":{"line":15,"column":9},"end":{"line":15,"column":29}},"loc":{"start":{"line":22,"column":3},"end":{"line":56,"column":1}},"line":22}},"branchMap":{"0":{"loc":{"start":{"line":30,"column":32},"end":{"line":30,"column":60}},"type":"binary-expr","locations":[{"start":{"line":30,"column":32},"end":{"line":30,"column":40}},{"start":{"line":30,"column":44},"end":{"line":30,"column":60}}],"line":30},"1":{"loc":{"start":{"line":47,"column":10},"end":{"line":47,"column":45}},"type":"binary-expr","locations":[{"start":{"line":47,"column":10},"end":{"line":47,"column":24}},{"start":{"line":47,"column":28},"end":{"line":47,"column":45}}],"line":47},"2":{"loc":{"start":{"line":48,"column":10},"end":{"line":48,"column":48}},"type":"binary-expr","locations":[{"start":{"line":48,"column":10},"end":{"line":48,"column":25}},{"start":{"line":48,"column":29},"end":{"line":48,"column":48}}],"line":48}},"s":{"0":23,"1":23,"2":23,"3":23,"4":1,"5":1},"f":{"0":23},"b":{"0":[23,0],"1":[23,5],"2":[23,2]},"_coverageSchema":"1a1c01bbd47fc00a2c39e90264f33305004495a9","hash":"ec41f0bf514d33d1c8c42722ae80206de9d798e0"}
,"/Users/demmyhonore/Code/projects/kana-rabbit/app/screens/choose-order-screen.js": {"path":"/Users/demmyhonore/Code/projects/kana-rabbit/app/screens/choose-order-screen.js","statementMap":{"0":{"start":{"line":15,"column":23},"end":{"line":15,"column":36}},"1":{"start":{"line":16,"column":34},"end":{"line":16,"column":73}},"2":{"start":{"line":18,"column":28},"end":{"line":25,"column":3}},"3":{"start":{"line":19,"column":4},"end":{"line":22,"column":7}},"4":{"start":{"line":24,"column":4},"end":{"line":24,"column":52}},"5":{"start":{"line":27,"column":23},"end":{"line":31,"column":3}},"6":{"start":{"line":28,"column":4},"end":{"line":30,"column":13}},"7":{"start":{"line":28,"column":27},"end":{"line":28,"column":45}},"8":{"start":{"line":33,"column":2},"end":{"line":46,"column":4}},"9":{"start":{"line":49,"column":15},"end":{"line":59,"column":2}}},"fnMap":{"0":{"name":"ChooseOrderScreen","decl":{"start":{"line":14,"column":24},"end":{"line":14,"column":41}},"loc":{"start":{"line":14,"column":58},"end":{"line":47,"column":1}},"line":14},"1":{"name":"(anonymous_1)","decl":{"start":{"line":18,"column":28},"end":{"line":18,"column":29}},"loc":{"start":{"line":18,"column":34},"end":{"line":25,"column":3}},"line":18},"2":{"name":"(anonymous_2)","decl":{"start":{"line":27,"column":23},"end":{"line":27,"column":24}},"loc":{"start":{"line":28,"column":4},"end":{"line":30,"column":13}},"line":28},"3":{"name":"(anonymous_3)","decl":{"start":{"line":28,"column":21},"end":{"line":28,"column":22}},"loc":{"start":{"line":28,"column":27},"end":{"line":28,"column":45}},"line":28}},"branchMap":{},"s":{"0":6,"1":6,"2":6,"3":1,"4":1,"5":6,"6":12,"7":2,"8":6,"9":1},"f":{"0":6,"1":1,"2":12,"3":2},"b":{},"_coverageSchema":"1a1c01bbd47fc00a2c39e90264f33305004495a9","hash":"c8c0867282c6dbbcd72089d091ce90ba7410da4f"}
,"/Users/demmyhonore/Code/projects/kana-rabbit/app/screens/choose-type-screen.js": {"path":"/Users/demmyhonore/Code/projects/kana-rabbit/app/screens/choose-type-screen.js","statementMap":{"0":{"start":{"line":15,"column":23},"end":{"line":15,"column":36}},"1":{"start":{"line":16,"column":34},"end":{"line":21,"column":4}},"2":{"start":{"line":22,"column":22},"end":{"line":22,"column":61}},"3":{"start":{"line":24,"column":28},"end":{"line":27,"column":73}},"4":{"start":{"line":25,"column":4},"end":{"line":27,"column":73}},"5":{"start":{"line":26,"column":37},"end":{"line":26,"column":72}},"6":{"start":{"line":27,"column":37},"end":{"line":27,"column":71}},"7":{"start":{"line":29,"column":28},"end":{"line":35,"column":3}},"8":{"start":{"line":30,"column":4},"end":{"line":33,"column":7}},"9":{"start":{"line":34,"column":4},"end":{"line":34,"column":54}},"10":{"start":{"line":37,"column":23},"end":{"line":45,"column":3}},"11":{"start":{"line":38,"column":4},"end":{"line":44,"column":13}},"12":{"start":{"line":39,"column":21},"end":{"line":39,"column":45}},"13":{"start":{"line":47,"column":2},"end":{"line":63,"column":4}},"14":{"start":{"line":66,"column":15},"end":{"line":79,"column":2}}},"fnMap":{"0":{"name":"ChooseTypeScreen","decl":{"start":{"line":14,"column":24},"end":{"line":14,"column":40}},"loc":{"start":{"line":14,"column":57},"end":{"line":64,"column":1}},"line":14},"1":{"name":"(anonymous_1)","decl":{"start":{"line":24,"column":28},"end":{"line":24,"column":29}},"loc":{"start":{"line":25,"column":4},"end":{"line":27,"column":73}},"line":25},"2":{"name":"(anonymous_2)","decl":{"start":{"line":26,"column":20},"end":{"line":26,"column":21}},"loc":{"start":{"line":26,"column":37},"end":{"line":26,"column":72}},"line":26},"3":{"name":"(anonymous_3)","decl":{"start":{"line":27,"column":20},"end":{"line":27,"column":21}},"loc":{"start":{"line":27,"column":37},"end":{"line":27,"column":71}},"line":27},"4":{"name":"(anonymous_4)","decl":{"start":{"line":29,"column":28},"end":{"line":29,"column":29}},"loc":{"start":{"line":29,"column":34},"end":{"line":35,"column":3}},"line":29},"5":{"name":"(anonymous_5)","decl":{"start":{"line":37,"column":23},"end":{"line":37,"column":24}},"loc":{"start":{"line":38,"column":4},"end":{"line":44,"column":13}},"line":38},"6":{"name":"(anonymous_6)","decl":{"start":{"line":39,"column":15},"end":{"line":39,"column":16}},"loc":{"start":{"line":39,"column":21},"end":{"line":39,"column":45}},"line":39}},"branchMap":{"0":{"loc":{"start":{"line":25,"column":4},"end":{"line":27,"column":73}},"type":"cond-expr","locations":[{"start":{"line":26,"column":8},"end":{"line":26,"column":74}},{"start":{"line":27,"column":8},"end":{"line":27,"column":73}}],"line":25}},"s":{"0":10,"1":10,"2":10,"3":10,"4":3,"5":2,"6":1,"7":10,"8":2,"9":2,"10":10,"11":40,"12":3,"13":10,"14":1},"f":{"0":10,"1":3,"2":2,"3":1,"4":2,"5":40,"6":3},"b":{"0":[2,1]},"_coverageSchema":"1a1c01bbd47fc00a2c39e90264f33305004495a9","hash":"6a6cd1dd81891c590e10a10341f9a268cdcb6bc7"}
,"/Users/demmyhonore/Code/projects/kana-rabbit/app/screens/guess-kana-screen.js": {"path":"/Users/demmyhonore/Code/projects/kana-rabbit/app/screens/guess-kana-screen.js","statementMap":{"0":{"start":{"line":15,"column":21},"end":{"line":15,"column":34}},"1":{"start":{"line":16,"column":27},"end":{"line":16,"column":36}},"2":{"start":{"line":17,"column":48},"end":{"line":17,"column":59}},"3":{"start":{"line":18,"column":42},"end":{"line":18,"column":77}},"4":{"start":{"line":19,"column":22},"end":{"line":19,"column":42}},"5":{"start":{"line":21,"column":33},"end":{"line":25,"column":3}},"6":{"start":{"line":22,"column":4},"end":{"line":22,"column":21}},"7":{"start":{"line":23,"column":4},"end":{"line":23,"column":18}},"8":{"start":{"line":24,"column":4},"end":{"line":24,"column":47}},"9":{"start":{"line":27,"column":29},"end":{"line":27,"column":56}},"10":{"start":{"line":27,"column":35},"end":{"line":27,"column":56}},"11":{"start":{"line":29,"column":27},"end":{"line":30,"column":79}},"12":{"start":{"line":30,"column":4},"end":{"line":30,"column":79}},"13":{"start":{"line":32,"column":2},"end":{"line":58,"column":15}},"14":{"start":{"line":33,"column":18},"end":{"line":33,"column":22}},"15":{"start":{"line":34,"column":22},"end":{"line":34,"column":66}},"16":{"start":{"line":35,"column":22},"end":{"line":35,"column":51}},"17":{"start":{"line":37,"column":4},"end":{"line":53,"column":5}},"18":{"start":{"line":38,"column":6},"end":{"line":43,"column":7}},"19":{"start":{"line":39,"column":8},"end":{"line":39,"column":63}},"20":{"start":{"line":40,"column":8},"end":{"line":42,"column":47}},"21":{"start":{"line":41,"column":10},"end":{"line":41,"column":64}},"22":{"start":{"line":45,"column":6},"end":{"line":48,"column":7}},"23":{"start":{"line":46,"column":8},"end":{"line":46,"column":57}},"24":{"start":{"line":47,"column":8},"end":{"line":47,"column":22}},"25":{"start":{"line":50,"column":6},"end":{"line":52,"column":7}},"26":{"start":{"line":51,"column":8},"end":{"line":51,"column":58}},"27":{"start":{"line":55,"column":4},"end":{"line":57,"column":5}},"28":{"start":{"line":56,"column":6},"end":{"line":56,"column":22}},"29":{"start":{"line":60,"column":2},"end":{"line":76,"column":21}},"30":{"start":{"line":61,"column":4},"end":{"line":67,"column":5}},"31":{"start":{"line":62,"column":6},"end":{"line":62,"column":63}},"32":{"start":{"line":63,"column":6},"end":{"line":66,"column":9}},"33":{"start":{"line":69,"column":4},"end":{"line":75,"column":5}},"34":{"start":{"line":70,"column":6},"end":{"line":70,"column":62}},"35":{"start":{"line":71,"column":6},"end":{"line":74,"column":9}},"36":{"start":{"line":78,"column":2},"end":{"line":85,"column":3}},"37":{"start":{"line":79,"column":4},"end":{"line":84,"column":6}},"38":{"start":{"line":87,"column":2},"end":{"line":98,"column":3}},"39":{"start":{"line":88,"column":4},"end":{"line":97,"column":6}},"40":{"start":{"line":100,"column":2},"end":{"line":111,"column":3}},"41":{"start":{"line":101,"column":4},"end":{"line":110,"column":6}},"42":{"start":{"line":113,"column":2},"end":{"line":121,"column":3}},"43":{"start":{"line":114,"column":4},"end":{"line":120,"column":6}},"44":{"start":{"line":116,"column":23},"end":{"line":116,"column":63}},"45":{"start":{"line":123,"column":2},"end":{"line":131,"column":4}}},"fnMap":{"0":{"name":"GuessKanaScreen","decl":{"start":{"line":14,"column":24},"end":{"line":14,"column":39}},"loc":{"start":{"line":14,"column":56},"end":{"line":132,"column":1}},"line":14},"1":{"name":"(anonymous_1)","decl":{"start":{"line":21,"column":33},"end":{"line":21,"column":34}},"loc":{"start":{"line":21,"column":43},"end":{"line":25,"column":3}},"line":21},"2":{"name":"(anonymous_2)","decl":{"start":{"line":27,"column":29},"end":{"line":27,"column":30}},"loc":{"start":{"line":27,"column":35},"end":{"line":27,"column":56}},"line":27},"3":{"name":"(anonymous_3)","decl":{"start":{"line":29,"column":27},"end":{"line":29,"column":28}},"loc":{"start":{"line":30,"column":4},"end":{"line":30,"column":79}},"line":30},"4":{"name":"(anonymous_4)","decl":{"start":{"line":32,"column":12},"end":{"line":32,"column":13}},"loc":{"start":{"line":32,"column":18},"end":{"line":58,"column":3}},"line":32},"5":{"name":"(anonymous_5)","decl":{"start":{"line":40,"column":19},"end":{"line":40,"column":20}},"loc":{"start":{"line":40,"column":25},"end":{"line":42,"column":9}},"line":40},"6":{"name":"(anonymous_6)","decl":{"start":{"line":55,"column":11},"end":{"line":55,"column":12}},"loc":{"start":{"line":55,"column":17},"end":{"line":57,"column":5}},"line":55},"7":{"name":"(anonymous_7)","decl":{"start":{"line":60,"column":12},"end":{"line":60,"column":13}},"loc":{"start":{"line":60,"column":18},"end":{"line":76,"column":3}},"line":60},"8":{"name":"(anonymous_8)","decl":{"start":{"line":116,"column":17},"end":{"line":116,"column":18}},"loc":{"start":{"line":116,"column":23},"end":{"line":116,"column":63}},"line":116}},"branchMap":{"0":{"loc":{"start":{"line":37,"column":4},"end":{"line":53,"column":5}},"type":"if","locations":[{"start":{"line":37,"column":4},"end":{"line":53,"column":5}},{"start":{"line":37,"column":4},"end":{"line":53,"column":5}}],"line":37},"1":{"loc":{"start":{"line":38,"column":6},"end":{"line":43,"column":7}},"type":"if","locations":[{"start":{"line":38,"column":6},"end":{"line":43,"column":7}},{"start":{"line":38,"column":6},"end":{"line":43,"column":7}}],"line":38},"2":{"loc":{"start":{"line":41,"column":10},"end":{"line":41,"column":63}},"type":"binary-expr","locations":[{"start":{"line":41,"column":10},"end":{"line":41,"column":17}},{"start":{"line":41,"column":21},"end":{"line":41,"column":63}}],"line":41},"3":{"loc":{"start":{"line":45,"column":6},"end":{"line":48,"column":7}},"type":"if","locations":[{"start":{"line":45,"column":6},"end":{"line":48,"column":7}},{"start":{"line":45,"column":6},"end":{"line":48,"column":7}}],"line":45},"4":{"loc":{"start":{"line":45,"column":10},"end":{"line":45,"column":66}},"type":"binary-expr","locations":[{"start":{"line":45,"column":10},"end":{"line":45,"column":20}},{"start":{"line":45,"column":24},"end":{"line":45,"column":66}}],"line":45},"5":{"loc":{"start":{"line":50,"column":6},"end":{"line":52,"column":7}},"type":"if","locations":[{"start":{"line":50,"column":6},"end":{"line":52,"column":7}},{"start":{"line":50,"column":6},"end":{"line":52,"column":7}}],"line":50},"6":{"loc":{"start":{"line":50,"column":10},"end":{"line":50,"column":72}},"type":"binary-expr","locations":[{"start":{"line":50,"column":10},"end":{"line":50,"column":20}},{"start":{"line":50,"column":24},"end":{"line":50,"column":72}}],"line":50},"7":{"loc":{"start":{"line":61,"column":4},"end":{"line":67,"column":5}},"type":"if","locations":[{"start":{"line":61,"column":4},"end":{"line":67,"column":5}},{"start":{"line":61,"column":4},"end":{"line":67,"column":5}}],"line":61},"8":{"loc":{"start":{"line":69,"column":4},"end":{"line":75,"column":5}},"type":"if","locations":[{"start":{"line":69,"column":4},"end":{"line":75,"column":5}},{"start":{"line":69,"column":4},"end":{"line":75,"column":5}}],"line":69},"9":{"loc":{"start":{"line":78,"column":2},"end":{"line":85,"column":3}},"type":"if","locations":[{"start":{"line":78,"column":2},"end":{"line":85,"column":3}},{"start":{"line":78,"column":2},"end":{"line":85,"column":3}}],"line":78},"10":{"loc":{"start":{"line":87,"column":2},"end":{"line":98,"column":3}},"type":"if","locations":[{"start":{"line":87,"column":2},"end":{"line":98,"column":3}},{"start":{"line":87,"column":2},"end":{"line":98,"column":3}}],"line":87},"11":{"loc":{"start":{"line":100,"column":2},"end":{"line":111,"column":3}},"type":"if","locations":[{"start":{"line":100,"column":2},"end":{"line":111,"column":3}},{"start":{"line":100,"column":2},"end":{"line":111,"column":3}}],"line":100},"12":{"loc":{"start":{"line":113,"column":2},"end":{"line":121,"column":3}},"type":"if","locations":[{"start":{"line":113,"column":2},"end":{"line":121,"column":3}},{"start":{"line":113,"column":2},"end":{"line":121,"column":3}}],"line":113}},"s":{"0":25,"1":25,"2":25,"3":25,"4":25,"5":25,"6":2,"7":2,"8":2,"9":25,"10":1,"11":25,"12":0,"13":25,"14":19,"15":19,"16":19,"17":19,"18":7,"19":2,"20":2,"21":2,"22":7,"23":3,"24":3,"25":7,"26":2,"27":19,"28":19,"29":25,"30":18,"31":1,"32":1,"33":18,"34":1,"35":1,"36":25,"37":0,"38":25,"39":2,"40":23,"41":5,"42":18,"43":2,"44":1,"45":16},"f":{"0":25,"1":2,"2":1,"3":0,"4":19,"5":2,"6":19,"7":18,"8":1},"b":{"0":[7,12],"1":[2,5],"2":[2,1],"3":[3,4],"4":[7,5],"5":[2,5],"6":[7,5],"7":[1,17],"8":[1,17],"9":[0,25],"10":[2,23],"11":[5,18],"12":[2,16]},"_coverageSchema":"1a1c01bbd47fc00a2c39e90264f33305004495a9","hash":"e37ed550fd5a23c503d60dbcd69b0f08f368bb52"}
}
