TN:
SF:app.js
FN:12,App
FNF:1
FNH:0
FNDA:0,App
DA:13,0
DA:15,0
DA:17,0
LF:3
LH:0
BRDA:15,0,0,0
BRDA:15,0,1,0
BRF:2
BRH:0
end_of_record
TN:
SF:app/components/current-kana.js
FN:7,CurrentKana
FNF:1
FNH:0
FNDA:0,CurrentKana
DA:9,0
DA:16,0
DA:22,0
LF:3
LH:0
BRF:0
BRH:0
end_of_record
TN:
SF:app/components/kana-input.js
FN:7,KanaInput
FNF:1
FNH:0
FNDA:0,KanaInput
DA:8,0
DA:23,0
DA:30,0
LF:3
LH:0
BRF:0
BRH:0
end_of_record
TN:
SF:app/components/screen.js
FN:8,Screen
FNF:1
FNH:0
FNDA:0,Screen
DA:9,0
DA:10,0
DA:21,0
DA:29,0
DA:36,0
LF:5
LH:0
BRDA:9,0,0,0
BRDA:9,0,1,0
BRDA:12,1,0,0
BRDA:12,1,1,0
BRF:4
BRH:0
end_of_record
TN:
SF:app/screens/kana-screen.js
FN:13,KanaScreen
FN:19,(anonymous_1)
FN:25,(anonymous_2)
FN:45,(anonymous_3)
FN:70,(anonymous_4)
FNF:5
FNH:0
FNDA:0,KanaScreen
FNDA:0,(anonymous_1)
FNDA:0,(anonymous_2)
FNDA:0,(anonymous_3)
FNDA:0,(anonymous_4)
DA:14,0
DA:15,0
DA:16,0
DA:17,0
DA:19,0
DA:20,0
DA:21,0
DA:22,0
DA:25,0
DA:26,0
DA:27,0
DA:29,0
DA:30,0
DA:31,0
DA:34,0
DA:35,0
DA:36,0
DA:39,0
DA:40,0
DA:45,0
DA:46,0
DA:47,0
DA:48,0
DA:51,0
DA:52,0
DA:53,0
DA:57,0
DA:58,0
DA:65,0
DA:66,0
DA:71,0
DA:80,0
DA:98,0
LF:33
LH:0
BRDA:29,0,0,0
BRDA:29,0,1,0
BRDA:30,1,0,0
BRDA:30,1,1,0
BRDA:34,2,0,0
BRDA:34,2,1,0
BRDA:34,3,0,0
BRDA:34,3,1,0
BRDA:39,4,0,0
BRDA:39,4,1,0
BRDA:39,5,0,0
BRDA:39,5,1,0
BRDA:46,6,0,0
BRDA:46,6,1,0
BRDA:51,7,0,0
BRDA:51,7,1,0
BRDA:57,8,0,0
BRDA:57,8,1,0
BRDA:65,9,0,0
BRDA:65,9,1,0
BRDA:90,10,0,0
BRDA:90,10,1,0
BRF:22
BRH:0
end_of_record
TN:
SF:app/utils/kana.js
FN:3,(anonymous_0)
FN:6,(anonymous_1)
FN:24,(anonymous_2)
FN:25,(anonymous_3)
FN:37,(anonymous_4)
FN:38,(anonymous_5)
FN:47,(anonymous_6)
FN:48,(anonymous_7)
FN:57,(anonymous_8)
FN:60,(anonymous_9)
FN:74,(anonymous_10)
FN:74,(anonymous_11)
FN:76,(anonymous_12)
FN:77,(anonymous_13)
FNF:14
FNH:14
FNDA:1,(anonymous_0)
FNDA:3,(anonymous_1)
FNDA:2,(anonymous_2)
FNDA:2,(anonymous_3)
FNDA:1,(anonymous_4)
FNDA:1,(anonymous_5)
FNDA:1,(anonymous_6)
FNDA:1,(anonymous_7)
FNDA:1,(anonymous_8)
FNDA:1,(anonymous_9)
FNDA:1,(anonymous_10)
FNDA:1,(anonymous_11)
FNDA:1,(anonymous_12)
FNDA:1,(anonymous_13)
DA:3,1
DA:4,1
DA:6,1
DA:7,3
DA:8,1
DA:11,3
DA:12,1
DA:15,3
DA:16,2
DA:17,2
DA:20,3
DA:24,1
DA:25,2
DA:26,2
DA:27,2
DA:33,2
DA:37,1
DA:38,1
DA:39,1
DA:40,1
DA:43,1
DA:47,1
DA:48,1
DA:49,1
DA:50,1
DA:53,1
DA:57,1
DA:58,1
DA:60,1
DA:61,1
DA:62,0
DA:65,1
DA:66,1
DA:67,1
DA:70,1
DA:74,1
DA:76,1
DA:77,1
LF:38
LH:37
BRDA:7,0,0,1
BRDA:7,0,1,2
BRDA:11,1,0,1
BRDA:11,1,1,2
BRDA:11,2,0,3
BRDA:11,2,1,2
BRDA:15,3,0,2
BRDA:15,3,1,1
BRDA:15,4,0,3
BRDA:15,4,1,2
BRDA:26,5,0,2
BRDA:26,5,1,0
BRDA:28,6,0,1
BRDA:28,6,1,1
BRDA:39,7,0,1
BRDA:39,7,1,0
BRDA:49,8,0,1
BRDA:49,8,1,0
BRDA:61,9,0,0
BRDA:61,9,1,1
BRDA:65,10,0,1
BRDA:65,10,1,0
BRDA:65,11,0,1
BRDA:65,11,1,1
BRF:24
BRH:19
end_of_record
