TN:
SF:app/components/action.js
FN:8,Action
FNF:1
FNH:1
FNDA:24,Action
DA:14,24
DA:16,24
DA:33,4
DA:59,4
LF:4
LH:4
BRDA:21,0,0,24
BRDA:21,0,1,1
BRDA:22,1,0,24
BRDA:22,1,1,5
BRDA:25,2,0,5
BRDA:25,2,1,19
BRDA:28,3,0,24
BRDA:28,3,1,1
BRF:8
BRH:8
end_of_record
TN:
SF:app/components/comment.js
FN:8,Comment
FNF:1
FNH:1
FNDA:51,Comment
DA:9,51
DA:11,51
DA:27,5
DA:49,5
LF:4
LH:4
BRDA:15,0,0,51
BRDA:15,0,1,25
BRDA:16,1,0,51
BRDA:16,1,1,3
BRDA:17,2,0,51
BRDA:17,2,1,3
BRDA:17,2,2,1
BRDA:20,3,0,25
BRDA:20,3,1,26
BRF:9
BRH:9
end_of_record
TN:
SF:app/components/current-kana.js
FN:9,CurrentKana
FNF:1
FNH:1
FNDA:27,CurrentKana
DA:10,27
DA:12,27
DA:25,2
DA:42,2
LF:4
LH:4
BRDA:16,0,0,27
BRDA:16,0,1,2
BRDA:17,1,0,27
BRDA:17,1,1,2
BRDA:18,2,0,27
BRDA:18,2,1,2
BRDA:18,2,2,1
BRF:7
BRH:7
end_of_record
TN:
SF:app/components/icon-button.js
FN:9,IconButton
FNF:1
FNH:1
FNDA:32,IconButton
DA:15,32
DA:17,32
DA:34,3
DA:45,3
LF:4
LH:4
BRDA:19,0,0,32
BRDA:19,0,1,3
BRDA:26,1,0,3
BRDA:26,1,1,29
BRF:4
BRH:4
end_of_record
TN:
SF:app/components/kana-input.js
FN:8,KanaInput
FNF:1
FNH:1
FNDA:27,KanaInput
DA:15,27
DA:17,27
DA:34,2
DA:53,2
LF:4
LH:4
BRDA:19,0,0,27
BRDA:19,0,1,1
BRF:2
BRH:2
end_of_record
TN:
SF:app/components/kana-text.js
FN:8,KanaText
FNF:1
FNH:1
FNDA:27,KanaText
DA:9,27
DA:11,27
DA:21,2
DA:32,2
LF:4
LH:4
BRDA:13,0,0,27
BRDA:13,0,1,2
BRF:2
BRH:2
end_of_record
TN:
SF:app/components/keyboard-screen.js
FN:9,KeyboardScreen
FNF:1
FNH:1
FNDA:25,KeyboardScreen
DA:10,25
DA:12,25
DA:25,2
LF:3
LH:3
BRDA:14,0,0,25
BRDA:14,0,1,0
BRDA:18,1,0,25
BRDA:18,1,1,1
BRF:4
BRH:3
end_of_record
TN:
SF:app/components/option-text.js
FN:8,OptionText
FNF:1
FNH:1
FNDA:99,OptionText
DA:9,99
DA:12,4
DA:19,4
LF:3
LH:3
BRF:0
BRH:0
end_of_record
TN:
SF:app/components/option.js
FN:8,Option
FNF:1
FNH:1
FNDA:57,Option
DA:9,57
DA:11,57
DA:27,3
DA:48,3
LF:4
LH:4
BRDA:16,0,0,57
BRDA:16,0,1,1
BRDA:17,1,0,57
BRDA:17,1,1,15
BRF:4
BRH:4
end_of_record
TN:
SF:app/components/regular-screen.js
FN:9,RegularScreen
FNF:1
FNH:1
FNDA:23,RegularScreen
DA:10,23
DA:12,23
DA:22,5
LF:3
LH:3
BRDA:15,0,0,23
BRDA:15,0,1,2
BRF:2
BRH:2
end_of_record
TN:
SF:app/components/text.js
FN:8,Text
FNF:1
FNH:1
FNDA:105,Text
DA:9,105
DA:11,105
DA:25,7
DA:39,7
LF:4
LH:4
BRDA:15,0,0,105
BRDA:15,0,1,3
BRDA:16,1,0,105
BRDA:16,1,1,4
BRF:4
BRH:4
end_of_record
TN:
SF:app/components/guess-kana/answer-screen.js
FN:10,GuessKanaAnswerScreen
FNF:1
FNH:1
FNDA:2,GuessKanaAnswerScreen
DA:11,2
DA:22,1
DA:34,1
LF:3
LH:3
BRF:0
BRH:0
end_of_record
TN:
SF:app/components/guess-kana/end-screen.js
FN:12,GuessKanaEndScreen
FNF:1
FNH:1
FNDA:3,GuessKanaEndScreen
DA:13,3
DA:15,3
DA:41,2
DA:63,2
LF:4
LH:4
BRDA:20,0,0,3
BRDA:20,0,1,1
BRF:2
BRH:2
end_of_record
TN:
SF:app/components/guess-kana/input-screen.js
FN:15,GuessKanaInputScreen
FNF:1
FNH:1
FNDA:23,GuessKanaInputScreen
DA:23,23
DA:24,23
DA:26,23
DA:28,23
DA:58,1
DA:81,1
LF:6
LH:6
BRDA:30,0,0,23
BRDA:30,0,1,0
BRDA:47,1,0,23
BRDA:47,1,1,5
BRDA:48,2,0,23
BRDA:48,2,1,2
BRF:6
BRH:5
end_of_record
TN:
SF:app/screens/choose-order-screen.js
FN:14,ChooseOrderScreen
FN:18,(anonymous_1)
FN:27,(anonymous_2)
FN:28,(anonymous_3)
FNF:4
FNH:4
FNDA:6,ChooseOrderScreen
FNDA:1,(anonymous_1)
FNDA:12,(anonymous_2)
FNDA:2,(anonymous_3)
DA:15,6
DA:16,6
DA:18,6
DA:19,1
DA:24,1
DA:27,6
DA:28,12
DA:33,6
DA:49,1
LF:9
LH:9
BRF:0
BRH:0
end_of_record
TN:
SF:app/screens/choose-type-screen.js
FN:14,ChooseTypeScreen
FN:24,(anonymous_1)
FN:26,(anonymous_2)
FN:27,(anonymous_3)
FN:29,(anonymous_4)
FN:37,(anonymous_5)
FN:39,(anonymous_6)
FNF:7
FNH:7
FNDA:10,ChooseTypeScreen
FNDA:3,(anonymous_1)
FNDA:2,(anonymous_2)
FNDA:1,(anonymous_3)
FNDA:2,(anonymous_4)
FNDA:40,(anonymous_5)
FNDA:3,(anonymous_6)
DA:15,10
DA:16,10
DA:22,10
DA:24,10
DA:25,3
DA:26,2
DA:27,1
DA:29,10
DA:30,2
DA:34,2
DA:37,10
DA:38,40
DA:39,3
DA:47,10
DA:66,1
LF:15
LH:15
BRDA:25,0,0,2
BRDA:25,0,1,1
BRF:2
BRH:2
end_of_record
TN:
SF:app/screens/guess-kana-screen.js
FN:14,GuessKanaScreen
FN:21,(anonymous_1)
FN:27,(anonymous_2)
FN:29,(anonymous_3)
FN:32,(anonymous_4)
FN:40,(anonymous_5)
FN:55,(anonymous_6)
FN:60,(anonymous_7)
FN:116,(anonymous_8)
FNF:9
FNH:8
FNDA:25,GuessKanaScreen
FNDA:2,(anonymous_1)
FNDA:1,(anonymous_2)
FNDA:0,(anonymous_3)
FNDA:19,(anonymous_4)
FNDA:2,(anonymous_5)
FNDA:19,(anonymous_6)
FNDA:18,(anonymous_7)
FNDA:1,(anonymous_8)
DA:15,25
DA:16,25
DA:17,25
DA:18,25
DA:19,25
DA:21,25
DA:22,2
DA:23,2
DA:24,2
DA:27,25
DA:29,25
DA:30,0
DA:32,25
DA:33,19
DA:34,19
DA:35,19
DA:37,19
DA:38,7
DA:39,2
DA:40,2
DA:41,2
DA:45,7
DA:46,3
DA:47,3
DA:50,7
DA:51,2
DA:55,19
DA:56,19
DA:60,25
DA:61,18
DA:62,1
DA:63,1
DA:69,18
DA:70,1
DA:71,1
DA:78,25
DA:79,0
DA:87,25
DA:88,2
DA:100,23
DA:101,5
DA:113,18
DA:114,2
DA:116,1
DA:123,16
LF:45
LH:43
BRDA:37,0,0,7
BRDA:37,0,1,12
BRDA:38,1,0,2
BRDA:38,1,1,5
BRDA:41,2,0,2
BRDA:41,2,1,1
BRDA:45,3,0,3
BRDA:45,3,1,4
BRDA:45,4,0,7
BRDA:45,4,1,5
BRDA:50,5,0,2
BRDA:50,5,1,5
BRDA:50,6,0,7
BRDA:50,6,1,5
BRDA:61,7,0,1
BRDA:61,7,1,17
BRDA:69,8,0,1
BRDA:69,8,1,17
BRDA:78,9,0,0
BRDA:78,9,1,25
BRDA:87,10,0,2
BRDA:87,10,1,23
BRDA:100,11,0,5
BRDA:100,11,1,18
BRDA:113,12,0,2
BRDA:113,12,1,16
BRF:26
BRH:25
end_of_record
